<?xml version="1.0" encoding="UTF-8"?>
<!-- Generated by org.testng.reporters.JUnitReportReporter -->
<testsuite hostname="LAPTOP-UMJHD2B3" failures="0" tests="2" name="testNG.prac.FirstTest" time="0.020" errors="0" timestamp="2024-12-26T20:32:41 IST" skipped="1">
  <testcase classname="testNG.prac.FirstTest" name="operation1" time="0.020"/>
  <system-out/>
  <testcase classname="testNG.prac.FirstTest" name="dummyMethod">
    <skipped/>
  </testcase> <!-- dummyMethod -->
  <system-out/>
</testsuite> <!-- testNG.prac.FirstTest -->
