<?xml version="1.0" encoding="UTF-8"?>
<!-- Generated by org.testng.reporters.JUnitReportReporter -->
<testsuite hostname="LAPTOP-UMJHD2B3" failures="0" tests="2" name="suiteA.Test1" time="0.008" errors="0" timestamp="2024-12-30T18:27:40 IST" skipped="0">
  <testcase classname="suiteA.Test1" name="method10" time="0.000"/>
  <system-out/>
  <testcase classname="suiteA.Test1" name="method1" time="0.008"/>
  <system-out/>
</testsuite> <!-- suiteA.Test1 -->
