<?xml version="1.0" encoding="UTF-8"?>
<!-- Generated by org.testng.reporters.JUnitReportReporter -->
<testsuite hostname="LAPTOP-UMJHD2B3" failures="0" tests="1" name="testNG.prac.SecondTest" time="0.020" errors="0" timestamp="2024-12-26T20:32:41 IST" skipped="0">
  <testcase classname="testNG.prac.SecondTest" name="function1" time="0.020"/>
  <system-out/>
</testsuite> <!-- testNG.prac.SecondTest -->
