<?xml version="1.0" encoding="UTF-8"?>
<!-- Generated by org.testng.reporters.JUnitReportReporter -->
<testsuite hostname="LAPTOP-UMJHD2B3" failures="0" tests="1" name="alerts.prac.TestNGprac" time="0.014" errors="0" timestamp="2024-12-17T16:27:55 IST" skipped="0">
  <testcase classname="alerts.prac.TestNGprac" name="f" time="0.014"/>
  <system-out/>
</testsuite> <!-- alerts.prac.TestNGprac -->
