<?xml version="1.0" encoding="UTF-8"?>
<!-- Generated by org.testng.reporters.JUnitReportReporter -->
<testsuite hostname="LAPTOP-UMJHD2B3" failures="0" tests="2" name="testNG.prac.TestDependency" time="0.020" errors="0" timestamp="2025-01-01T18:47:02 IST" skipped="0">
  <testcase classname="testNG.prac.TestDependency" name="func1" time="0.018"/>
  <system-out/>
  <testcase classname="testNG.prac.TestDependency" name="func2" time="0.002"/>
  <system-out/>
</testsuite> <!-- testNG.prac.TestDependency -->
