<?xml version="1.0" encoding="UTF-8"?>
<!-- Generated by org.testng.reporters.JUnitReportReporter -->
<testsuite hostname="LAPTOP-UMJHD2B3" failures="0" tests="1" name="suiteA.Test2" time="0.000" errors="0" timestamp="2024-12-30T18:27:40 IST" skipped="0">
  <testcase classname="suiteA.Test2" name="method2" time="0.000"/>
  <system-out/>
</testsuite> <!-- suiteA.Test2 -->
