<?xml version="1.0" encoding="UTF-8"?>
<!-- Generated by org.testng.reporters.JUnitReportReporter -->
<testsuite hostname="LAPTOP-UMJHD2B3" failures="0" tests="3" name="testNG.prac.TestNGparameters" time="79.500" errors="0" timestamp="2025-01-01T18:52:01 IST" skipped="0">
  <testcase classname="testNG.prac.TestNGparameters" name="operation" time="20.048"/>
  <system-out/>
  <testcase classname="testNG.prac.TestNGparameters" name="inherit" time="29.764"/>
  <system-out/>
  <testcase classname="testNG.prac.TestNGparameters" name="operation" time="29.688"/>
  <system-out/>
</testsuite> <!-- testNG.prac.TestNGparameters -->
