<?xml version="1.0" encoding="UTF-8"?>
<!-- Generated by org.testng.reporters.JUnitReportReporter -->
<testsuite hostname="LAPTOP-UMJHD2B3" failures="0" tests="3" name="testNG.prac.DataProviderdemo" time="0.011" errors="0" timestamp="2025-01-04T17:03:42 IST" skipped="0">
  <testcase classname="testNG.prac.DataProviderdemo" name="f" time="0.001"/>
  <system-out/>
  <testcase classname="testNG.prac.DataProviderdemo" name="f" time="0.008"/>
  <system-out/>
  <testcase classname="testNG.prac.DataProviderdemo" name="f" time="0.002"/>
  <system-out/>
</testsuite> <!-- testNG.prac.DataProviderdemo -->
